<?xml version="1.0" encoding="UTF-8"?>
<!-- Generated by org.testng.reporters.JUnitReportReporter -->
<testsuite skipped="0" hostname="IB-SEZ-PC-490" name="RestAssured.API.GetData" tests="2" failures="0" timestamp="22 May 2019 06:55:23 GMT" time="3.949" errors="0">
  <testcase name="testResponsecode" time="3.185" classname="RestAssured.API.GetData"/>
  <testcase name="testbodycode" time="0.764" classname="RestAssured.API.GetData"/>
</testsuite> <!-- RestAssured.API.GetData -->
