<?xml version="1.0" encoding="UTF-8"?>
<!-- Generated by org.testng.reporters.JUnitReportReporter -->
<testsuite skipped="0" hostname="IB-SEZ-PC-490" name="com.testcases.GetAPITest" tests="1" failures="0" timestamp="23 May 2019 11:49:17 GMT" time="1.670" errors="0">
  <testcase name="getAPITestWithoutHeaders" time="1.670" classname="com.testcases.GetAPITest"/>
</testsuite> <!-- com.testcases.GetAPITest -->
