<?xml version="1.0" encoding="UTF-8"?>
<!-- Generated by org.testng.reporters.JUnitReportReporter -->
<testsuite skipped="0" hostname="IB-SEZ-PC-490" name="com.testcases.GetData" tests="2" failures="0" timestamp="23 May 2019 12:07:43 GMT" time="6.392" errors="0">
  <testcase name="testResponsecode" time="5.344" classname="com.testcases.GetData"/>
  <testcase name="testbodycode" time="1.048" classname="com.testcases.GetData"/>
</testsuite> <!-- com.testcases.GetData -->
